<?xml version="1.0" encoding="UTF-8"?>
<!-- Generated by org.testng.reporters.JUnitReportReporter -->
<testsuite skipped="0" hostname="VishalKumar-Ja" name="SumValidation" tests="1" failures="0" timestamp="12 Aug 2020 15:42:07 GMT" time="0.971" errors="0">
  <testcase name="sumOfCourses" time="0.971" classname="SumValidation"/>
</testsuite> <!-- SumValidation -->
